9 -8.2
0 -9.2
3 -8.7
8 -8.3
11 -10.2
12 -9.3
13 -8.8
21 -9.3
22 -9.1
23 -8.9
25 -8.8
40 -10.2
42 -10.0
44 -9.7
45 -9.6
46 -9.5
47 -9.4
48 -9.4
50 -10.2
51 -10.1
52 -9.7
54 -9.6
55 -9.5
57 -9.3
60 -10.1
61 -10.0
64 -9.6
65 -8.9
70 -10.8
71 -9.9
72 -9.8
73 -9.6
74 -8.7
75 -8.7
77 -8.2
80 -10.1
82 -10.0
84 -9.3
101 -10.5
104 -9.7
106 -9.1
110 -10.0
111 -9.7
112 -9.3
113 -8.8
117 -8.2
120 -10.9
121 -9.9
122 -9.9
125 -9.6
126 -9.4
127 -9.4
129 -8.1
130 -10.6
132 -9.9
134 -9.6
138 -8.9
140 -10.1
142 -9.4
143 -9.2
144 -9.1
146 -9.0
148 -8.6
149 -7.8
171 -8.5
174 -8.0
175 -7.9
181 -9.9
183 -9.4
185 -9.2
186 -8.6
204 -9.5
205 -9.1
206 -9.0
210 -10.1
212 -9.7
215 -9.2
216 -9.0
217 -8.8
218 -8.5
221 -10.1
222 -9.6
226 -8.8
228 -8.2
234 -7.8
242 -8.8
244 -8.6
250 -9.2
251 -9.0
252 -8.5
253 -8.4
254 -8.3
261 -8.8
263 -8.7
264 -8.6
268 -8.3
269 -8.3
270 -9.5
272 -8.9
273 -8.8
274 -8.8
275 -8.6
276 -8.5
279 -8.2
295 -9.5
297 -9.1
299 -8.9
307 -8.9
308 -8.8
309 -8.8
313 -10.1
315 -9.5
316 -9.3
322 -8.8
324 -8.7
325 -8.6
329 -8.2
340 -10.1
341 -9.2
342 -8.5
343 -8.5
346 -7.7
348 -7.7
353 -9.5
355 -8.9
363 -10.6
366 -9.8
367 -9.8
369 -9.7
370 -10.3
371 -9.7
372 -9.1
373 -9.0
381 -10.1
383 -9.9
386 -9.4
387 -9.4
388 -9.0
390 -10.2
391 -10.0
392 -9.6
400 -9.2
401 -9.0
402 -8.6
412 -9.3
415 -9.0
417 -8.6
418 -8.4
422 -8.9
425 -8.8
430 -9.9
431 -8.9
435 -8.5
438 -8.2
460 -10.1
461 -9.7
462 -9.5
463 -9.4
464 -9.3
465 -9.1
466 -9.1
468 -8.8
470 -10.2
471 -10.1
473 -9.6
474 -9.5
475 -9.1
476 -9.0
478 -9.0
479 -9.0
480 -10.0
481 -9.3
482 -9.1
484 -8.8
485 -8.7
487 -8.4
490 -9.8
492 -9.5
494 -9.3
495 -9.2
498 -8.8
500 -10.8
501 -10.1
502 -9.5
503 -9.3
504 -8.9
505 -8.8
507 -8.5
515 -7.8
521 -9.5
523 -9.2
525 -9.0
527 -9.0
529 -8.8
560 -10.1
561 -10.0
563 -9.3
564 -8.9
565 -8.7
566 -8.5
570 -10.0
571 -9.3
572 -9.2
573 -9.2
574 -9.2
575 -9.1
580 -9.7
581 -9.5
582 -9.4
590 -10.2
591 -10.0
592 -9.4
597 -8.7
620 -9.6
622 -9.2
623 -8.9
624 -8.5
629 -7.7
630 -9.9
631 -9.7
633 -9.0
634 -9.0
636 -8.5
637 -8.5
638 -8.5
640 -9.8
642 -8.6
650 -9.3
651 -9.2
653 -9.0
654 -9.0
655 -8.9
656 -8.9
657 -8.7
658 -8.6
659 -8.5
661 -9.4
662 -9.1
663 -8.7
665 -8.0
670 -10.7
671 -10.6
673 -9.9
676 -9.7
679 -8.5
687 -9.3
689 -9.1
690 -8.7
692 -8.5
723 -8.2
724 -8.1
728 -7.8
730 -9.5
732 -9.3
733 -8.6
742 -9.8
743 -9.6
765 -8.8
769 -8.4
770 -10.1
771 -9.0
772 -9.0
773 -8.7
774 -8.5
800 -10.0
801 -9.2
802 -9.2
806 -8.1
810 -10.4
811 -10.4
813 -9.6
819 -9.1
820 -9.0
821 -8.9
822 -8.8
823 -8.4
838 -7.7
840 -9.5
843 -9.2
847 -8.6
850 -9.9
851 -9.2
852 -9.1
873 -9.5
877 -8.9
880 -9.4
881 -9.0
882 -9.0
883 -8.8
884 -8.7
887 -8.3
890 -11.3
891 -10.1
892 -10.1
893 -9.9
895 -9.7
898 -8.4
900 -9.7
901 -9.2
902 -9.1
903 -9.1
904 -8.6
910 -9.6
911 -9.6
912 -8.9
913 -8.9
914 -8.6
915 -8.5
918 -7.7
920 -9.4
921 -9.4
922 -9.0
923 -8.8
924 -8.6
926 -8.4
929 -8.0
930 -10.4
931 -9.9
932 -9.7
933 -9.6
934 -9.4
935 -9.4
936 -8.5
937 -8.1
938 -7.9
939 -7.9
941 -10.2
942 -9.2
943 -8.8
948 -7.9
950 -10.6
952 -9.6
953 -9.2
955 -9.1
960 -10.0
961 -9.8
965 -8.3
967 -7.8
969 -7.6
971 -10.4
972 -10.1
974 -8.9
980 -11.1
981 -9.2
982 -8.5
983 -8.5
984 -8.4
986 -8.2
991 -10.1
992 -10.1
994 -9.3
995 -8.9
996 -8.8
997 -8.7
998 -8.6
196 -8.0
39 -9.2
53 -9.7
56 -9.4
58 -9.2
59 -8.5
86 -9.1
89 -8.5
102 -10.5
103 -9.9
109 -8.9
123 -9.8
124 -9.7
128 -9.3
131 -10.0
133 -9.7
135 -9.5
137 -9.1
141 -9.4
145 -9.0
147 -8.9
150 -9.7
151 -9.1
152 -9.0
153 -8.5
160 -8.9
161 -8.7
162 -8.7
163 -8.2
164 -8.1
167 -7.6
170 -8.9
172 -8.4
173 -8.3
177 -7.8
179 -7.6
182 -9.5
184 -9.2
187 -8.3
188 -8.3
189 -8.3
190 -10.2
191 -9.8
192 -9.7
193 -8.8
195 -8.2
197 -8.0
201 -10.0
203 -9.6
207 -9.0
208 -9.0
209 -8.8
211 -9.7
213 -9.4
214 -9.3
219 -8.3
223 -9.1
224 -9.0
225 -8.9
227 -8.7
230 -8.7
231 -8.1
235 -7.8
240 -9.6
241 -9.5
243 -8.8
260 -8.8
262 -8.8
266 -8.5
280 -9.8
281 -9.3
282 -8.9
283 -8.7
286 -8.1
287 -8.1
288 -8.1
289 -7.8
292 -9.7
293 -9.5
294 -9.5
296 -9.3
298 -9.0
300 -10.0
301 -9.5
302 -9.4
303 -9.2
304 -9.1
305 -9.0
306 -8.9
311 -10.4
312 -10.2
314 -9.9
318 -8.5
319 -8.4
321 -9.2
323 -8.8
326 -8.5
327 -8.5
330 -9.6
331 -9.5
332 -9.1
333 -9.1
334 -8.3
335 -8.3
336 -8.1
337 -8.0
339 -8.0
344 -7.8
352 -9.5
354 -8.9
365 -9.9
394 -9.3
411 -9.6
413 -9.3
414 -9.0
416 -8.7
419 -8.4
420 -9.2
421 -9.2
423 -8.9
424 -8.9
427 -8.5
432 -8.8
433 -8.7
436 -8.5
450 -8.9
452 -8.0
455 -7.9
457 -7.6
483 -8.8
491 -9.5
493 -9.3
497 -8.9
508 -8.4
510 -10.4
511 -9.8
512 -9.5
513 -8.1
514 -7.9
524 -9.1
526 -9.0
528 -8.9
530 -9.2
531 -9.0
532 -8.6
542 -8.7
543 -8.5
548 -7.7
550 -9.3
551 -9.1
552 -8.9
554 -8.5
555 -8.4
557 -8.0
562 -9.7
567 -8.3
568 -8.2
583 -9.1
584 -8.7
587 -7.8
588 -7.8
593 -9.1
594 -9.1
595 -9.1
596 -9.0
598 -8.6
599 -8.2
600 -10.2
601 -9.3
602 -8.6
603 -8.5
604 -8.4
605 -8.2
606 -8.1
608 -7.9
610 -8.4
611 -7.9
612 -7.7
621 -9.2
625 -8.4
626 -7.8
627 -7.8
632 -9.0
635 -8.7
641 -8.7
644 -8.4
647 -8.3
648 -8.3
672 -10.0
674 -9.9
675 -9.8
678 -8.7
683 -10.2
684 -9.9
686 -9.3
688 -9.3
693 -8.4
694 -8.0
710 -8.6
711 -8.1
720 -8.8
721 -8.8
729 -7.8
731 -9.3
734 -8.6
738 -7.9
739 -7.9
740 -10.0
741 -10.0
744 -9.4
745 -9.3
746 -8.8
750 -9.7
751 -9.2
752 -8.3
753 -7.9
755 -7.7
760 -9.5
761 -9.4
762 -9.2
764 -8.9
766 -8.8
767 -8.8
768 -8.4
775 -8.2
780 -8.2
788 -7.4
790 -9.7
791 -9.5
792 -9.5
793 -9.4
794 -9.3
795 -9.3
796 -8.7
797 -8.6
812 -9.9
814 -9.3
815 -9.3
816 -9.2
817 -9.2
818 -9.1
841 -9.4
842 -9.4
844 -9.1
845 -8.9
846 -8.7
848 -8.2
859 -7.9
860 -9.5
861 -8.9
862 -8.8
863 -8.8
866 -8.2
871 -9.8
872 -9.5
874 -9.4
875 -9.2
876 -9.0
878 -8.8
885 -8.6
886 -8.6
894 -9.7
896 -8.6
925 -8.6
928 -8.1
951 -9.6
956 -9.0
957 -9.0
959 -8.9
962 -9.5
963 -9.0
964 -8.5
966 -7.9
990 -10.4
993 -9.6
