851 -10.5
10 -10.8
12 -10.5
16 -10.1
20 -10.9
25 -10.2
40 -11.1
41 -11.0
42 -10.8
46 -10.4
49 -10.2
51 -11.5
53 -10.9
54 -10.9
55 -10.8
61 -11.0
64 -10.7
69 -10.3
70 -11.6
71 -11.0
72 -10.9
80 -11.5
81 -11.4
90 -11.2
92 -11.0
95 -10.9
102 -11.1
113 -10.3
114 -10.3
116 -10.1
118 -10.0
126 -10.8
149 -10.2
159 -10.5
186 -10.5
188 -10.3
207 -10.1
216 -10.6
273 -10.3
317 -9.7
350 -10.8
354 -10.3
361 -11.5
362 -11.3
366 -10.4
370 -10.9
371 -10.8
374 -10.5
384 -10.2
386 -10.1
387 -10.0
390 -10.6
394 -9.9
397 -9.4
406 -10.4
407 -10.4
408 -10.4
419 -10.0
431 -10.8
432 -10.5
433 -10.3
445 -10.7
460 -11.1
469 -9.7
472 -11.1
473 -10.7
484 -10.4
492 -10.3
534 -10.6
540 -11.1
542 -10.6
545 -10.5
547 -10.1
555 -9.9
584 -9.8
603 -9.9
605 -9.2
634 -9.7
649 -9.3
651 -10.6
653 -10.0
655 -9.4
656 -9.3
657 -9.1
663 -10.3
667 -10.0
668 -9.8
690 -10.6
695 -7.9
710 -10.3
711 -10.3
712 -10.3
718 -8.8
751 -10.7
752 -10.6
755 -10.4
756 -10.4
760 -9.9
765 -8.4
774 -10.3
792 -9.7
801 -10.2
803 -9.7
814 -10.7
818 -10.0
820 -10.3
821 -10.2
834 -10.1
838 -9.7
839 -9.7
841 -10.5
843 -10.1
852 -10.1
853 -10.0
860 -10.7
862 -10.5
865 -10.0
867 -9.9
875 -9.8
876 -9.7
890 -10.8
900 -10.0
902 -8.3
911 -10.1
914 -9.6
921 -10.6
923 -10.2
925 -9.8
930 -11.3
940 -10.6
952 -9.7
953 -9.7
955 -8.8
960 -10.6
961 -10.5
970 -10.5
974 -9.7
975 -9.6
976 -9.5
770 -10.9
30 -11.3
43 -10.8
50 -11.5
58 -10.7
60 -11.2
63 -10.8
78 -10.6
82 -11.2
84 -10.9
86 -10.8
93 -11.0
106 -10.9
111 -10.7
123 -11.1
160 -11.2
166 -9.4
185 -10.7
189 -10.2
197 -10.5
208 -10.1
236 -10.1
238 -10.1
277 -10.1
285 -10.5
318 -9.6
352 -10.5
360 -11.9
364 -10.6
368 -10.0
392 -10.1
396 -9.6
400 -10.8
405 -10.5
416 -10.2
420 -11.1
427 -10.1
430 -10.9
437 -9.6
443 -10.7
449 -10.2
461 -11.0
463 -10.6
466 -10.0
468 -9.8
470 -11.3
471 -11.3
477 -10.4
478 -9.7
498 -9.3
500 -10.6
501 -10.0
505 -9.6
536 -10.6
537 -10.5
541 -10.8
544 -10.6
562 -10.2
564 -10.0
586 -9.4
600 -10.5
604 -9.7
607 -9.0
622 -10.1
627 -9.0
629 -8.7
630 -10.9
631 -10.7
632 -10.0
633 -9.8
641 -10.1
642 -10.1
643 -9.9
644 -9.9
648 -9.5
664 -10.2
666 -10.1
673 -10.4
674 -10.4
675 -10.4
676 -10.3
691 -10.1
693 -8.5
713 -10.1
716 -9.3
717 -9.0
734 -9.3
740 -10.2
747 -9.0
771 -10.7
773 -10.4
775 -10.2
778 -9.0
781 -10.3
782 -10.1
802 -9.7
811 -10.8
812 -10.7
815 -10.6
816 -10.5
823 -10.0
831 -10.3
837 -9.8
840 -10.5
850 -10.5
855 -9.7
858 -9.4
859 -9.4
861 -10.7
863 -10.4
872 -10.2
880 -10.8
882 -9.8
883 -9.5
885 -9.2
892 -10.7
893 -10.5
895 -10.4
896 -10.2
901 -9.6
922 -10.2
928 -9.5
929 -9.5
931 -11.0
941 -10.4
944 -9.7
949 -8.0
971 -10.3
972 -10.3
977 -9.5
979 -9.2
980 -10.4
983 -9.4
991 -10.1
992 -10.1
0 -10.8
1 -10.7
3 -10.5
13 -10.4
18 -9.9
19 -9.8
32 -10.7
35 -10.4
36 -10.2
66 -10.5
67 -10.4
98 -10.6
99 -10.5
103 -11.0
124 -10.9
125 -10.9
127 -10.7
143 -10.7
164 -10.0
169 -8.7
173 -10.8
183 -10.9
194 -10.8
196 -10.5
225 -10.6
227 -10.6
239 -10.0
245 -10.7
266 -10.4
274 -10.3
278 -10.1
283 -10.7
286 -10.5
289 -10.3
297 -10.4
298 -10.3
308 -10.7
309 -10.6
311 -10.6
315 -10.2
319 -9.6
340 -11.4
343 -11.0
348 -10.7
367 -10.2
375 -10.4
376 -10.1
377 -10.0
378 -10.0
380 -10.3
404 -10.6
409 -10.2
415 -10.4
436 -9.7
438 -9.5
448 -10.5
451 -10.8
454 -10.6
465 -10.1
467 -9.9
476 -10.4
488 -10.0
490 -10.4
495 -9.9
496 -9.7
503 -9.9
506 -9.5
510 -11.0
511 -10.9
519 -10.2
524 -10.3
525 -10.2
526 -9.6
535 -10.6
539 -10.4
552 -10.6
553 -10.5
554 -9.9
560 -10.5
563 -10.1
581 -10.8
585 -9.7
640 -10.9
660 -11.0
672 -10.5
681 -9.9
682 -9.7
700 -10.6
715 -9.7
730 -10.3
731 -10.0
738 -8.3
753 -10.6
754 -10.5
757 -10.3
761 -9.8
764 -8.6
776 -9.7
826 -9.5
856 -9.7
857 -9.7
864 -10.2
868 -9.9
869 -9.9
870 -10.5
897 -10.1
899 -9.8
920 -10.8
924 -9.8
978 -9.4
981 -10.2
985 -8.6
339 -9.9
74 -10.8
112 -10.3
119 -10.0
121 -11.4
131 -11.2
136 -10.0
153 -11.0
181 -11.0
182 -11.0
209 -10.1
220 -11.1
230 -10.8
241 -10.9
246 -10.7
250 -10.9
251 -10.9
256 -10.3
263 -10.5
267 -10.4
268 -10.4
271 -10.6
288 -10.4
292 -10.6
301 -10.9
304 -10.9
312 -10.5
314 -10.3
322 -10.9
323 -10.7
324 -10.7
330 -10.8
333 -10.4
334 -10.1
335 -10.1
337 -10.0
355 -10.3
393 -10.0
418 -10.1
428 -10.0
429 -10.0
453 -10.6
458 -10.3
464 -10.3
485 -10.3
489 -9.9
502 -9.9
504 -9.8
508 -9.2
546 -10.3
548 -10.1
559 -9.2
561 -10.5
568 -9.6
571 -9.5
573 -9.3
577 -8.7
589 -8.7
592 -9.8
594 -9.5
595 -9.3
596 -9.3
597 -8.9
599 -8.7
625 -9.5
645 -9.8
647 -9.5
654 -9.6
659 -8.9
662 -10.4
671 -10.5
678 -10.2
686 -9.2
688 -8.8
702 -9.8
720 -10.3
721 -10.2
732 -9.6
733 -9.5
741 -9.8
763 -8.8
790 -10.1
791 -9.9
800 -10.4
804 -9.6
827 -9.4
830 -10.3
832 -10.2
835 -10.0
836 -9.8
842 -10.2
848 -9.2
854 -10.0
866 -9.9
884 -9.2
886 -8.8
894 -10.4
898 -9.9
910 -10.6
942 -10.1
945 -9.7
950 -10.8
956 -8.5
982 -9.9
986 -8.5
17 -10.1
4 -10.3
7 -9.5
14 -10.3
33 -10.6
44 -10.6
62 -10.9
65 -10.7
100 -11.2
105 -10.9
108 -10.8
115 -10.2
122 -11.3
130 -11.5
132 -11.0
146 -10.4
154 -11.0
170 -11.0
175 -10.5
184 -10.8
217 -10.6
224 -10.6
244 -10.8
265 -10.5
279 -10.0
281 -10.9
284 -10.5
302 -10.9
305 -10.9
310 -10.7
313 -10.4
316 -10.0
326 -10.7
327 -10.6
341 -11.1
344 -10.9
365 -10.6
372 -10.6
373 -10.6
391 -10.2
401 -10.7
402 -10.7
410 -11.3
421 -10.9
423 -10.4
440 -11.0
444 -10.7
447 -10.5
475 -10.4
491 -10.4
497 -9.6
499 -9.3
507 -9.3
513 -10.8
514 -10.8
515 -10.7
538 -10.5
549 -10.1
550 -10.9
557 -9.6
566 -9.7
570 -10.2
601 -10.3
608 -8.6
621 -10.3
623 -9.7
624 -9.6
626 -9.2
628 -9.0
661 -10.9
683 -9.7
685 -9.6
689 -8.8
719 -8.7
737 -8.7
739 -8.1
742 -9.5
743 -9.4
745 -9.4
750 -10.8
777 -9.1
780 -10.4
784 -8.9
785 -8.9
794 -9.3
795 -8.9
797 -8.4
822 -10.1
828 -9.3
847 -9.3
849 -9.0
878 -9.5
879 -9.4
932 -10.8
954 -9.3
958 -8.4
984 -8.7
134 -10.4
5 -10.1
37 -10.1
38 -10.1
56 -10.7
85 -10.8
88 -10.6
96 -10.7
97 -10.6
101 -11.2
104 -10.9
107 -10.9
110 -10.9
133 -10.9
135 -10.0
138 -8.6
148 -10.2
155 -10.8
172 -10.8
176 -10.5
177 -10.1
178 -10.0
179 -10.0
193 -10.9
195 -10.7
200 -11.1
201 -10.7
204 -10.4
210 -11.1
213 -10.8
222 -11.0
228 -10.5
231 -10.8
232 -10.7
233 -10.6
235 -10.1
237 -10.1
243 -10.8
252 -10.6
255 -10.4
257 -10.3
258 -10.1
272 -10.4
280 -11.0
293 -10.6
294 -10.6
299 -10.2
349 -10.6
351 -10.6
357 -10.2
359 -10.2
363 -10.9
389 -9.8
417 -10.1
422 -10.8
425 -10.3
442 -10.8
446 -10.5
456 -10.4
457 -10.4
459 -10.2
462 -10.8
474 -10.4
483 -10.5
486 -10.3
493 -10.3
512 -10.8
516 -10.5
520 -11.0
531 -10.9
533 -10.8
580 -10.9
583 -10.1
588 -8.8
590 -10.3
591 -10.2
593 -9.8
635 -9.3
652 -10.1
665 -10.2
669 -9.8
670 -11.1
703 -9.3
708 -7.7
833 -10.2
845 -9.6
891 -10.8
325 -10.7
15 -10.3
23 -10.3
31 -10.8
48 -10.3
52 -11.3
57 -10.7
73 -10.9
94 -10.9
117 -10.0
120 -11.6
141 -11.2
142 -10.9
156 -10.8
157 -10.6
174 -10.6
190 -10.9
203 -10.4
205 -10.2
206 -10.2
219 -10.4
240 -11.1
247 -10.7
254 -10.4
260 -11.1
261 -10.8
262 -10.6
275 -10.2
282 -10.8
287 -10.4
290 -10.7
300 -11.3
303 -10.9
321 -10.9
331 -10.7
332 -10.6
353 -10.3
356 -10.3
369 -9.9
379 -10.0
388 -9.9
395 -9.9
414 -10.5
426 -10.2
435 -9.8
439 -9.4
441 -10.9
450 -10.9
452 -10.7
479 -9.6
482 -10.5
487 -10.2
543 -10.6
556 -9.9
565 -9.8
569 -9.6
572 -9.4
574 -9.2
575 -8.9
576 -8.9
578 -7.7
610 -10.4
679 -10.1
684 -9.6
701 -10.0
704 -8.7
714 -9.8
724 -8.7
758 -9.9
759 -9.8
810 -11.1
813 -10.7
873 -10.2
874 -9.8
881 -10.0
913 -9.8
951 -9.9
973 -10.1
993 -9.6
995 -9.0
75 -10.7
6 -9.6
59 -10.2
76 -10.7
77 -10.7
79 -10.5
83 -11.0
109 -10.7
128 -10.6
129 -10.4
140 -11.3
144 -10.5
145 -10.4
147 -10.4
150 -11.9
151 -11.5
158 -10.5
161 -11.0
162 -11.0
163 -10.9
171 -10.9
180 -11.5
191 -10.9
192 -10.9
198 -10.5
202 -10.6
211 -11.0
212 -10.8
214 -10.7
215 -10.6
221 -11.1
226 -10.6
248 -10.6
249 -10.6
253 -10.6
259 -10.0
270 -10.9
291 -10.7
296 -10.4
328 -10.6
329 -10.5
342 -11.0
345 -10.8
346 -10.7
358 -10.2
381 -10.3
383 -10.2
385 -10.1
411 -10.8
455 -10.5
480 -11.0
481 -10.7
494 -10.1
517 -10.4
518 -10.3
521 -10.9
522 -10.7
523 -10.6
529 -9.1
530 -11.3
532 -10.8
551 -10.8
620 -10.5
650 -10.7
692 -8.7
735 -9.2
736 -9.0
772 -10.7
779 -9.0
783 -9.3
817 -10.2
844 -9.7
926 -9.7
927 -9.7
11 -10.6
45 -10.5
87 -10.6
152 -11.4
218 -10.5
242 -10.8
264 -10.5
269 -10.3
276 -10.1
306 -10.9
307 -10.8
347 -10.7
722 -9.0
723 -8.9
748 -9.0
912 -9.8
2 -10.5
9 -8.8
24 -10.3
91 -11.0
223 -10.7
229 -10.5
320 -10.9
412 -10.6
413 -10.6
424 -10.4
615 -7.7
